<?xml version="1.0" encoding="UTF-8"?>
<!-- Generated by org.testng.reporters.JUnitXMLReporter -->
<testsuite ignored="0" hostname="DESKTOP-Q9V7GDP" failures="0" tests="2" name="Default test" time="2.137" errors="0" timestamp="2022-06-25T19:42:17 EDT">
  <testcase classname="restfullBooker.MultipleBookingsWithRequestRespect" name="createBookin1" time="1.173"/>
  <testcase classname="restfullBooker.MultipleBookingsWithRequestRespect" name="updateBooking" time="0.16"/>
</testsuite> <!-- Default test -->
