<?xml version="1.0" encoding="UTF-8"?>
<testng-results ignored="0" total="2" passed="2" failed="0" skipped="0">
  <reporter-output>
  </reporter-output>
  <suite started-at="2022-06-25T19:42:14 EDT" name="Default suite" finished-at="2022-06-25T19:42:17 EDT" duration-ms="2137">
    <groups>
    </groups>
    <test started-at="2022-06-25T19:42:14 EDT" name="Default test" finished-at="2022-06-25T19:42:17 EDT" duration-ms="2137">
      <class name="restfullBooker.MultipleBookingsWithRequestRespect">
        <test-method is-config="true" signature="setUpRequestSpec()[pri:0, instance:restfullBooker.MultipleBookingsWithRequestRespect@fa49800]" started-at="2022-06-25T19:42:15 EDT" name="setUpRequestSpec" finished-at="2022-06-25T19:42:15 EDT" duration-ms="767" status="PASS">
          <reporter-output>
          </reporter-output>
        </test-method> <!-- setUpRequestSpec -->
        <test-method signature="createBookin1()[pri:0, instance:restfullBooker.MultipleBookingsWithRequestRespect@fa49800]" started-at="2022-06-25T19:42:15 EDT" name="createBookin1" finished-at="2022-06-25T19:42:16 EDT" duration-ms="1173" status="PASS">
          <reporter-output>
          </reporter-output>
        </test-method> <!-- createBookin1 -->
        <test-method signature="updateBooking()[pri:0, instance:restfullBooker.MultipleBookingsWithRequestRespect@fa49800]" started-at="2022-06-25T19:42:16 EDT" name="updateBooking" finished-at="2022-06-25T19:42:17 EDT" duration-ms="160" status="PASS">
          <reporter-output>
          </reporter-output>
        </test-method> <!-- updateBooking -->
      </class> <!-- restfullBooker.MultipleBookingsWithRequestRespect -->
    </test> <!-- Default test -->
  </suite> <!-- Default suite -->
</testng-results>
